#
# There is insufficient memory for the Java Runtime Environment to continue.
# Native memory allocation (malloc) failed to allocate 1519216 bytes for Chunk::new
# Possible reasons:
#   The system is out of physical RAM or swap space
#   The process is running with CompressedOops enabled, and the Java Heap may be blocking the growth of the native heap
# Possible solutions:
#   Reduce memory load on the system
#   Increase physical memory or swap space
#   Check if swap backing store is full
#   Decrease Java heap size (-Xmx/-Xms)
#   Decrease number of Java threads
#   Decrease Java thread stack sizes (-Xss)
#   Set larger code cache with -XX:ReservedCodeCacheSize=
#   JVM is running with Zero Based Compressed Oops mode in which the Java heap is
#     placed in the first 32GB address space. The Java Heap base address is the
#     maximum limit for the native heap growth. Please use -XX:HeapBaseMinAddress
#     to set the Java Heap base and to place the Java Heap above 32GB virtual address.
# This output file may be truncated or incomplete.
#
#  Out of Memory Error (allocation.cpp:389), pid=13164, tid=0x0000000000002eec
#
# JRE version: Java(TM) SE Runtime Environment (8.0_221-b11) (build 1.8.0_221-b11)
# Java VM: Java HotSpot(TM) 64-Bit Server VM (25.221-b11 mixed mode windows-amd64 compressed oops)
# Failed to write core dump. Minidumps are not enabled by default on client versions of Windows
#

---------------  T H R E A D  ---------------

Current thread (0x000000001eb78800):  JavaThread "C2 CompilerThread1" daemon [_thread_in_native, id=12012, stack(0x000000001f460000,0x000000001f560000)]

Stack: [0x000000001f460000,0x000000001f560000]
[error occurred during error reporting (printing stack bounds), id 0xc0000005]

Native frames: (J=compiled Java code, j=interpreted, Vv=VM code, C=native code)


Current CompileTask:
C2:   3463 2343       4       net.fm.geco.engine.mongodb.utils.DocumentUtils::lambda$1 (302 bytes)


---------------  P R O C E S S  ---------------

Java Threads: ( => current thread )
  0x00000000205ea800 JavaThread "pool-5-thread-1" daemon [_thread_blocked, id=23836, stack(0x00000000232e0000,0x00000000233e0000)]
  0x00000000205d2000 JavaThread "cluster-ClusterId{value='604611042a2f5c598149f839', description='null'}-127.0.0.1:27017" daemon [_thread_blocked, id=24052, stack(0x0000000022ee0000,0x0000000022fe0000)]
  0x000000002061a800 JavaThread "Thread-1" [_thread_blocked, id=25732, stack(0x00000000214a0000,0x00000000215a0000)]
  0x000000001ec12800 JavaThread "Service Thread" daemon [_thread_blocked, id=28140, stack(0x000000001f760000,0x000000001f860000)]
  0x000000001eb85000 JavaThread "C1 CompilerThread3" daemon [_thread_blocked, id=1948, stack(0x000000001f660000,0x000000001f760000)]
  0x000000001eb7f000 JavaThread "C2 CompilerThread2" daemon [_thread_in_native, id=16200, stack(0x000000001f560000,0x000000001f660000)]
=>0x000000001eb78800 JavaThread "C2 CompilerThread1" daemon [_thread_in_native, id=12012, stack(0x000000001f460000,0x000000001f560000)]
  0x000000001eb74800 JavaThread "C2 CompilerThread0" daemon [_thread_in_native, id=22824, stack(0x000000001f360000,0x000000001f460000)]
  0x000000001eb72800 JavaThread "Attach Listener" daemon [_thread_blocked, id=27268, stack(0x000000001f260000,0x000000001f360000)]
  0x000000001eb71800 JavaThread "Signal Dispatcher" daemon [_thread_blocked, id=22508, stack(0x000000001f160000,0x000000001f260000)]
  0x000000001eb60800 JavaThread "Finalizer" daemon [_thread_blocked, id=10304, stack(0x000000001ef40000,0x000000001f040000)]
  0x000000001cc4f800 JavaThread "Reference Handler" daemon [_thread_blocked, id=25512, stack(0x000000001ea40000,0x000000001eb40000)]
  0x000000000318a800 JavaThread "main" [_thread_in_native, id=24268, stack(0x0000000003080000,0x0000000003180000)]

Other Threads:
  0x000000001cc47800 VMThread [stack: 0x000000001e940000,0x000000001ea40000] [id=23772]
  0x000000001ec7e000 WatcherThread [stack: 0x000000001f860000,0x000000001f960000] [id=18944]

VM state:not at safepoint (normal execution)

VM Mutex/Monitor currently owned by a thread: None

heap address: 0x00000006c2200000, size: 4062 MB, Compressed Oops mode: Zero based, Oop shift amount: 3
Narrow klass base: 0x0000000000000000, Narrow klass shift: 3
Compressed class space size: 1073741824 Address: 0x00000007c0000000

Heap:
 PSYoungGen      total 75776K, used 16496K [0x000000076b600000, 0x0000000770a80000, 0x00000007c0000000)
  eden space 65024K, 10% used [0x000000076b600000,0x000000076bce00c8,0x000000076f580000)
  from space 10752K, 87% used [0x000000076f580000,0x000000076febc050,0x0000000770000000)
  to   space 10752K, 0% used [0x0000000770000000,0x0000000770000000,0x0000000770a80000)
 ParOldGen       total 173568K, used 3241K [0x00000006c2200000, 0x00000006ccb80000, 0x000000076b600000)
  object space 173568K, 1% used [0x00000006c2200000,0x00000006c252a738,0x00000006ccb80000)
 Metaspace       used 18917K, capacity 19416K, committed 19712K, reserved 1067008K
  class space    used 2296K, capacity 2442K, committed 2560K, reserved 1048576K

Card table byte_map: [0x0000000012640000,0x0000000012e30000] byte_map_base: 0x000000000f02f000

Marking Bits: (ParMarkBitMap*) 0x0000000065ac5ce0
 Begin Bits: [0x0000000013b80000, 0x0000000017af8000)
 End Bits:   [0x0000000017af8000, 0x000000001ba70000)

Polling page: 0x0000000001720000

CodeCache: size=245760Kb used=8168Kb max_used=8211Kb free=237591Kb
 bounds [0x0000000003280000, 0x0000000003a90000, 0x0000000012280000]
 total_blobs=2975 nmethods=2545 adapters=342
 compilation: enabled

Compilation events (10 events):
Event: 3.114 Thread 0x000000001eb85000 2581       2       net.fm.geco.engine.utils.ValueUtils::fromObject (380 bytes)
Event: 3.118 Thread 0x000000001eb85000 nmethod 2581 0x0000000003a5fcd0 code [0x0000000003a600c0, 0x0000000003a61b08]
Event: 3.118 Thread 0x000000001eb85000 2582       2       net.fm.geco.model.value.DocumentValue::<init> (17 bytes)
Event: 3.118 Thread 0x000000001eb85000 nmethod 2582 0x0000000003a62fd0 code [0x0000000003a63140, 0x0000000003a63348]
Event: 3.118 Thread 0x000000001eb85000 2583       2       net.fm.geco.model.value.SimpleValue::<init> (23 bytes)
Event: 3.118 Thread 0x000000001eb85000 nmethod 2583 0x0000000003a63410 code [0x0000000003a63580, 0x0000000003a63748]
Event: 3.398 Thread 0x000000001eb7f000 nmethod 2507 0x0000000003a6f710 code [0x0000000003a702e0, 0x0000000003a792a8]
Event: 3.399 Thread 0x000000001eb7f000 2548       4       java.util.TreeMap$EntrySpliterator::forEachRemaining (143 bytes)
Event: 3.405 Thread 0x000000001eb7f000 nmethod 2548 0x0000000003a6b350 code [0x0000000003a6b4e0, 0x0000000003a6bb98]
Event: 3.405 Thread 0x000000001eb7f000 2557       4       org.bson.codecs.DocumentCodec::writeMap (108 bytes)

GC Heap History (10 events):
Event: 1.693 GC heap before
{Heap before GC invocations=2 (full 0):
 PSYoungGen      total 75776K, used 10657K [0x000000076b600000, 0x0000000770a80000, 0x00000007c0000000)
  eden space 65024K, 4% used [0x000000076b600000,0x000000076b92c858,0x000000076f580000)
  from space 10752K, 68% used [0x000000076f580000,0x000000076fcbbe60,0x0000000770000000)
  to   space 10752K, 0% used [0x0000000770000000,0x0000000770000000,0x0000000770a80000)
 ParOldGen       total 173568K, used 16K [0x00000006c2200000, 0x00000006ccb80000, 0x000000076b600000)
  object space 173568K, 0% used [0x00000006c2200000,0x00000006c2204000,0x00000006ccb80000)
 Metaspace       used 11876K, capacity 12342K, committed 12672K, reserved 1060864K
  class space    used 1429K, capacity 1549K, committed 1664K, reserved 1048576K
Event: 1.696 GC heap after
Heap after GC invocations=2 (full 0):
 PSYoungGen      total 75776K, used 3348K [0x000000076b600000, 0x0000000770a80000, 0x00000007c0000000)
  eden space 65024K, 0% used [0x000000076b600000,0x000000076b600000,0x000000076f580000)
  from space 10752K, 31% used [0x0000000770000000,0x0000000770345350,0x0000000770a80000)
  to   space 10752K, 0% used [0x000000076f580000,0x000000076f580000,0x0000000770000000)
 ParOldGen       total 173568K, used 24K [0x00000006c2200000, 0x00000006ccb80000, 0x000000076b600000)
  object space 173568K, 0% used [0x00000006c2200000,0x00000006c2206000,0x00000006ccb80000)
 Metaspace       used 11876K, capacity 12342K, committed 12672K, reserved 1060864K
  class space    used 1429K, capacity 1549K, committed 1664K, reserved 1048576K
}
Event: 1.696 GC heap before
{Heap before GC invocations=3 (full 1):
 PSYoungGen      total 75776K, used 3348K [0x000000076b600000, 0x0000000770a80000, 0x00000007c0000000)
  eden space 65024K, 0% used [0x000000076b600000,0x000000076b600000,0x000000076f580000)
  from space 10752K, 31% used [0x0000000770000000,0x0000000770345350,0x0000000770a80000)
  to   space 10752K, 0% used [0x000000076f580000,0x000000076f580000,0x0000000770000000)
 ParOldGen       total 173568K, used 24K [0x00000006c2200000, 0x00000006ccb80000, 0x000000076b600000)
  object space 173568K, 0% used [0x00000006c2200000,0x00000006c2206000,0x00000006ccb80000)
 Metaspace       used 11876K, capacity 12342K, committed 12672K, reserved 1060864K
  class space    used 1429K, capacity 1549K, committed 1664K, reserved 1048576K
Event: 1.709 GC heap after
Heap after GC invocations=3 (full 1):
 PSYoungGen      total 75776K, used 0K [0x000000076b600000, 0x0000000770a80000, 0x00000007c0000000)
  eden space 65024K, 0% used [0x000000076b600000,0x000000076b600000,0x000000076f580000)
  from space 10752K, 0% used [0x0000000770000000,0x0000000770000000,0x0000000770a80000)
  to   space 10752K, 0% used [0x000000076f580000,0x000000076f580000,0x0000000770000000)
 ParOldGen       total 173568K, used 3217K [0x00000006c2200000, 0x00000006ccb80000, 0x000000076b600000)
  object space 173568K, 1% used [0x00000006c2200000,0x00000006c2524738,0x00000006ccb80000)
 Metaspace       used 11876K, capacity 12342K, committed 12672K, reserved 1060864K
  class space    used 1429K, capacity 1549K, committed 1664K, reserved 1048576K
}
Event: 2.671 GC heap before
{Heap before GC invocations=4 (full 1):
 PSYoungGen      total 75776K, used 65024K [0x000000076b600000, 0x0000000770a80000, 0x00000007c0000000)
  eden space 65024K, 100% used [0x000000076b600000,0x000000076f580000,0x000000076f580000)
  from space 10752K, 0% used [0x0000000770000000,0x0000000770000000,0x0000000770a80000)
  to   space 10752K, 0% used [0x000000076f580000,0x000000076f580000,0x0000000770000000)
 ParOldGen       total 173568K, used 3217K [0x00000006c2200000, 0x00000006ccb80000, 0x000000076b600000)
  object space 173568K, 1% used [0x00000006c2200000,0x00000006c2524738,0x00000006ccb80000)
 Metaspace       used 18399K, capacity 18888K, committed 19072K, reserved 1067008K
  class space    used 2236K, capacity 2376K, committed 2432K, reserved 1048576K
Event: 2.677 GC heap after
Heap after GC invocations=4 (full 1):
 PSYoungGen      total 75776K, used 9834K [0x000000076b600000, 0x0000000770a80000, 0x00000007c0000000)
  eden space 65024K, 0% used [0x000000076b600000,0x000000076b600000,0x000000076f580000)
  from space 10752K, 91% used [0x000000076f580000,0x000000076ff1a8f8,0x0000000770000000)
  to   space 10752K, 0% used [0x0000000770000000,0x0000000770000000,0x0000000770a80000)
 ParOldGen       total 173568K, used 3225K [0x00000006c2200000, 0x00000006ccb80000, 0x000000076b600000)
  object space 173568K, 1% used [0x00000006c2200000,0x00000006c2526738,0x00000006ccb80000)
 Metaspace       used 18399K, capacity 18888K, committed 19072K, reserved 1067008K
  class space    used 2236K, capacity 2376K, committed 2432K, reserved 1048576K
}
Event: 2.726 GC heap before
{Heap before GC invocations=5 (full 1):
 PSYoungGen      total 75776K, used 74858K [0x000000076b600000, 0x0000000770a80000, 0x00000007c0000000)
  eden space 65024K, 100% used [0x000000076b600000,0x000000076f580000,0x000000076f580000)
  from space 10752K, 91% used [0x000000076f580000,0x000000076ff1a8f8,0x0000000770000000)
  to   space 10752K, 0% used [0x0000000770000000,0x0000000770000000,0x0000000770a80000)
 ParOldGen       total 173568K, used 3225K [0x00000006c2200000, 0x00000006ccb80000, 0x000000076b600000)
  object space 173568K, 1% used [0x00000006c2200000,0x00000006c2526738,0x00000006ccb80000)
 Metaspace       used 18435K, capacity 18952K, committed 19072K, reserved 1067008K
  class space    used 2236K, capacity 2376K, committed 2432K, reserved 1048576K
Event: 2.734 GC heap after
Heap after GC invocations=5 (full 1):
 PSYoungGen      total 75776K, used 7600K [0x000000076b600000, 0x0000000770a80000, 0x00000007c0000000)
  eden space 65024K, 0% used [0x000000076b600000,0x000000076b600000,0x000000076f580000)
  from space 10752K, 70% used [0x0000000770000000,0x000000077076c010,0x0000000770a80000)
  to   space 10752K, 0% used [0x000000076f580000,0x000000076f580000,0x0000000770000000)
 ParOldGen       total 173568K, used 3233K [0x00000006c2200000, 0x00000006ccb80000, 0x000000076b600000)
  object space 173568K, 1% used [0x00000006c2200000,0x00000006c2528738,0x00000006ccb80000)
 Metaspace       used 18435K, capacity 18952K, committed 19072K, reserved 1067008K
  class space    used 2236K, capacity 2376K, committed 2432K, reserved 1048576K
}
Event: 3.075 GC heap before
{Heap before GC invocations=6 (full 1):
 PSYoungGen      total 75776K, used 72624K [0x000000076b600000, 0x0000000770a80000, 0x00000007c0000000)
  eden space 65024K, 100% used [0x000000076b600000,0x000000076f580000,0x000000076f580000)
  from space 10752K, 70% used [0x0000000770000000,0x000000077076c010,0x0000000770a80000)
  to   space 10752K, 0% used [0x000000076f580000,0x000000076f580000,0x0000000770000000)
 ParOldGen       total 173568K, used 3233K [0x00000006c2200000, 0x00000006ccb80000, 0x000000076b600000)
  object space 173568K, 1% used [0x00000006c2200000,0x00000006c2528738,0x00000006ccb80000)
 Metaspace       used 18903K, capacity 19416K, committed 19712K, reserved 1067008K
  class space    used 2296K, capacity 2442K, committed 2560K, reserved 1048576K
Event: 3.080 GC heap after
Heap after GC invocations=6 (full 1):
 PSYoungGen      total 75776K, used 9456K [0x000000076b600000, 0x0000000770a80000, 0x00000007c0000000)
  eden space 65024K, 0% used [0x000000076b600000,0x000000076b600000,0x000000076f580000)
  from space 10752K, 87% used [0x000000076f580000,0x000000076febc050,0x0000000770000000)
  to   space 10752K, 0% used [0x0000000770000000,0x0000000770000000,0x0000000770a80000)
 ParOldGen       total 173568K, used 3241K [0x00000006c2200000, 0x00000006ccb80000, 0x000000076b600000)
  object space 173568K, 1% used [0x00000006c2200000,0x00000006c252a738,0x00000006ccb80000)
 Metaspace       used 18903K, capacity 19416K, committed 19712K, reserved 1067008K
  class space    used 2296K, capacity 2442K, committed 2560K, reserved 1048576K
}

Deoptimization events (10 events):
Event: 2.388 Thread 0x000000000318a800 Uncommon trap: reason=bimorphic action=maybe_recompile pc=0x0000000003768f70 method=java.util.HashMap.putVal(ILjava/lang/Object;Ljava/lang/Object;ZZ)Ljava/lang/Object; @ 203
Event: 2.419 Thread 0x000000000318a800 Uncommon trap: reason=unstable_if action=reinterpret pc=0x00000000034a9458 method=java.lang.AbstractStringBuilder.append(Ljava/lang/String;)Ljava/lang/AbstractStringBuilder; @ 1
Event: 2.436 Thread 0x00000000201a3800 Uncommon trap: reason=unstable_if action=reinterpret pc=0x0000000003827ab8 method=java.util.concurrent.ConcurrentHashMap.putVal(Ljava/lang/Object;Ljava/lang/Object;Z)Ljava/lang/Object; @ 113
Event: 2.485 Thread 0x000000000318a800 Uncommon trap: reason=unstable_if action=reinterpret pc=0x000000000358d884 method=sun.nio.cs.UTF_8$Decoder.decode([BII[C)I @ 30
Event: 2.506 Thread 0x000000000318a800 Uncommon trap: reason=unstable_if action=reinterpret pc=0x000000000380e9a0 method=java.util.Arrays.equals([B[B)Z @ 2
Event: 2.996 Thread 0x000000000318a800 Uncommon trap: reason=speculate_class_check action=maybe_recompile pc=0x0000000003a3d490 method=org.bson.io.OutputBuffer.write(I)V @ 2
Event: 2.996 Thread 0x000000000318a800 Uncommon trap: reason=speculate_class_check action=maybe_recompile pc=0x0000000003a3d490 method=org.bson.io.OutputBuffer.write(I)V @ 2
Event: 2.996 Thread 0x000000000318a800 Uncommon trap: reason=speculate_class_check action=maybe_recompile pc=0x0000000003a3d490 method=org.bson.io.OutputBuffer.write(I)V @ 2
Event: 2.997 Thread 0x000000000318a800 Uncommon trap: reason=speculate_class_check action=maybe_recompile pc=0x0000000003a3d490 method=org.bson.io.OutputBuffer.write(I)V @ 2
Event: 3.113 Thread 0x000000000318a800 Uncommon trap: reason=unstable_if action=reinterpret pc=0x0000000003a2b4b0 method=java.math.BigDecimal.valueOf(J)Ljava/math/BigDecimal; @ 13

Classes redefined (0 events):
No events

Internal exceptions (10 events):
Event: 1.144 Thread 0x000000000318a800 Exception <a 'java/lang/NoSuchFieldError': method resolution failed> (0x000000076ce14078) thrown at [C:\re\workspace\8-2-build-windows-amd64-cygwin\jdk8u221\13320\hotspot\src\share\vm\prims\methodHandles.cpp, line 1167]
Event: 1.145 Thread 0x000000000318a800 Exception <a 'java/lang/NoSuchFieldError': method resolution failed> (0x000000076ce21738) thrown at [C:\re\workspace\8-2-build-windows-amd64-cygwin\jdk8u221\13320\hotspot\src\share\vm\prims\methodHandles.cpp, line 1167]
Event: 1.243 Thread 0x000000000318a800 Exception <a 'java/lang/NoSuchMethodError': java.lang.Object.lambda$getAnnotationTypes$0(Lorg/springframework/core/annotation/MergedAnnotation;)Ljava/lang/String;> (0x000000076d588180) thrown at [C:\re\workspace\8-2-build-windows-amd64-cygwin\jdk8u221\133
Event: 1.250 Thread 0x000000000318a800 Exception <a 'java/lang/NoSuchMethodError': java.lang.Object.lambda$getMetaAnnotationTypes$1(Lorg/springframework/core/annotation/MergedAnnotation;)Ljava/lang/String;> (0x000000076d5d6b78) thrown at [C:\re\workspace\8-2-build-windows-amd64-cygwin\jdk8u221
Event: 1.257 Thread 0x000000000318a800 Exception <a 'java/lang/NoSuchMethodError': org.slf4j.impl.StaticMDCBinder.getSingleton()Lorg/slf4j/impl/StaticMDCBinder;> (0x000000076d651fb8) thrown at [C:\re\workspace\8-2-build-windows-amd64-cygwin\jdk8u221\13320\hotspot\src\share\vm\interpreter\linkR
Event: 1.331 Thread 0x000000000318a800 Exception <a 'java/lang/NoSuchMethodError': java.lang.Object.lambda$comparing$77a9974f$1(Ljava/util/function/Function;Ljava/lang/Object;Ljava/lang/Object;)I> (0x000000076dce2b28) thrown at [C:\re\workspace\8-2-build-windows-amd64-cygwin\jdk8u221\13320\hot
Event: 2.380 Thread 0x000000000318a800 Exception <a 'java/lang/ArrayIndexOutOfBoundsException': 71> (0x000000076ce5f048) thrown at [C:\re\workspace\8-2-build-windows-amd64-cygwin\jdk8u221\13320\hotspot\src\share\vm\interpreter\interpreterRuntime.cpp, line 368]
Event: 2.380 Thread 0x000000000318a800 Exception <a 'java/lang/ArrayIndexOutOfBoundsException': 18> (0x000000076ce5fd48) thrown at [C:\re\workspace\8-2-build-windows-amd64-cygwin\jdk8u221\13320\hotspot\src\share\vm\interpreter\interpreterRuntime.cpp, line 368]
Event: 2.381 Thread 0x000000000318a800 Exception <a 'java/lang/ArrayIndexOutOfBoundsException': 60> (0x000000076ce60ee8) thrown at [C:\re\workspace\8-2-build-windows-amd64-cygwin\jdk8u221\13320\hotspot\src\share\vm\interpreter\interpreterRuntime.cpp, line 368]
Event: 2.419 Thread 0x000000000318a800 Implicit null exception at 0x00000000034a9096 to 0x00000000034a9441

Events (10 events):
Event: 3.022 Executing VM operation: ForceSafepoint done
Event: 3.075 Executing VM operation: ParallelGCFailedAllocation
Event: 3.080 Executing VM operation: ParallelGCFailedAllocation done
Event: 3.105 Thread 0x00000000205ea800 Thread exited: 0x00000000205ea800
Event: 3.105 Thread 0x00000000205d2000 Thread exited: 0x00000000205d2000
Event: 3.106 Thread 0x00000000205d2000 Thread added: 0x00000000205d2000
Event: 3.106 Thread 0x00000000205ea800 Thread added: 0x00000000205ea800
Event: 3.113 Thread 0x000000000318a800 Uncommon trap: trap_request=0xffffff65 fr.pc=0x0000000003a2b4b0
Event: 3.113 Thread 0x000000000318a800 DEOPT PACKING pc=0x0000000003a2b4b0 sp=0x000000000317e780
Event: 3.113 Thread 0x000000000318a800 DEOPT UNPACKING pc=0x00000000032c583b sp=0x000000000317e6a8 mode 2


Dynamic libraries:
0x00007ff60d710000 - 0x00007ff60d747000 	C:\Program Files\Java\jre1.8.0_221\bin\javaw.exe
0x00007fffda9b0000 - 0x00007fffdaba6000 	C:\WINDOWS\SYSTEM32\ntdll.dll
0x00007fffc5030000 - 0x00007fffc5042000 	C:\Program Files\AVAST Software\Avast\aswhook.dll
0x00007fffda410000 - 0x00007fffda4cd000 	C:\WINDOWS\System32\KERNEL32.DLL
0x00007fffd8480000 - 0x00007fffd8749000 	C:\WINDOWS\System32\KERNELBASE.dll
0x00007fffd9c00000 - 0x00007fffd9cac000 	C:\WINDOWS\System32\ADVAPI32.dll
0x00007fffda710000 - 0x00007fffda7ae000 	C:\WINDOWS\System32\msvcrt.dll
0x00007fffd9170000 - 0x00007fffd920c000 	C:\WINDOWS\System32\sechost.dll
0x00007fffd8dd0000 - 0x00007fffd8efb000 	C:\WINDOWS\System32\RPCRT4.dll
0x00007fffd9300000 - 0x00007fffd94a0000 	C:\WINDOWS\System32\USER32.dll
0x00007fffd89e0000 - 0x00007fffd8a02000 	C:\WINDOWS\System32\win32u.dll
0x00007fffd9140000 - 0x00007fffd916a000 	C:\WINDOWS\System32\GDI32.dll
0x00007fffd8370000 - 0x00007fffd847b000 	C:\WINDOWS\System32\gdi32full.dll
0x00007fffd82d0000 - 0x00007fffd836d000 	C:\WINDOWS\System32\msvcp_win.dll
0x00007fffd87d0000 - 0x00007fffd88d0000 	C:\WINDOWS\System32\ucrtbase.dll
0x00007fffce7c0000 - 0x00007fffcea5b000 	C:\WINDOWS\WinSxS\amd64_microsoft.windows.common-controls_6595b64144ccf1df_6.0.19041.746_none_ca02b4b61b8320a4\COMCTL32.dll
0x00007fffda650000 - 0x00007fffda680000 	C:\WINDOWS\System32\IMM32.DLL
0x00000000661b0000 - 0x0000000066282000 	C:\Program Files\Java\jre1.8.0_221\bin\msvcr100.dll
0x00000000652a0000 - 0x0000000065b45000 	C:\Program Files\Java\jre1.8.0_221\bin\server\jvm.dll
0x00007fffd9cb0000 - 0x00007fffd9cb8000 	C:\WINDOWS\System32\PSAPI.DLL
0x00007fffcec10000 - 0x00007fffcec37000 	C:\WINDOWS\SYSTEM32\WINMM.dll
0x00007fffd3950000 - 0x00007fffd3959000 	C:\WINDOWS\SYSTEM32\WSOCK32.dll
0x00007fffd1170000 - 0x00007fffd117a000 	C:\WINDOWS\SYSTEM32\VERSION.dll
0x00007fffda6a0000 - 0x00007fffda70b000 	C:\WINDOWS\System32\WS2_32.dll
0x00007fffce510000 - 0x00007fffce51f000 	C:\Program Files\Java\jre1.8.0_221\bin\verify.dll
0x00007fffc7a00000 - 0x00007fffc7a29000 	C:\Program Files\Java\jre1.8.0_221\bin\java.dll
0x00007fffcbdc0000 - 0x00007fffcbdd6000 	C:\Program Files\Java\jre1.8.0_221\bin\zip.dll
0x00007fffd9cc0000 - 0x00007fffda402000 	C:\WINDOWS\System32\SHELL32.dll
0x00007fffd6240000 - 0x00007fffd69d0000 	C:\WINDOWS\SYSTEM32\windows.storage.dll
0x00007fffd8a70000 - 0x00007fffd8dc6000 	C:\WINDOWS\System32\combase.dll
0x00007fffd7b50000 - 0x00007fffd7b7c000 	C:\WINDOWS\SYSTEM32\Wldp.dll
0x00007fffd9a40000 - 0x00007fffd9aee000 	C:\WINDOWS\System32\SHCORE.dll
0x00007fffd99e0000 - 0x00007fffd9a35000 	C:\WINDOWS\System32\shlwapi.dll
0x00007fffd8020000 - 0x00007fffd8046000 	C:\WINDOWS\SYSTEM32\profapi.dll
0x00007fffca2e0000 - 0x00007fffca2fa000 	C:\Program Files\Java\jre1.8.0_221\bin\net.dll
0x00007fffcc220000 - 0x00007fffcc40e000 	C:\WINDOWS\SYSTEM32\urlmon.dll
0x00007fffcc550000 - 0x00007fffcc800000 	C:\WINDOWS\SYSTEM32\iertutil.dll
0x00007fffd78d0000 - 0x00007fffd793a000 	C:\WINDOWS\system32\mswsock.dll
0x00007fffbb730000 - 0x00007fffbb742000 	C:\Program Files\Java\jre1.8.0_221\bin\nio.dll
0x00007fffb1e40000 - 0x00007fffb1e64000 	C:\Program Files\Java\jre1.8.0_221\bin\sunec.dll
0x00007fffd7570000 - 0x00007fffd75ab000 	C:\WINDOWS\SYSTEM32\IPHLPAPI.DLL
0x00007fffda7b0000 - 0x00007fffda7b8000 	C:\WINDOWS\System32\NSI.dll
0x00007fffc7290000 - 0x00007fffc72a7000 	C:\WINDOWS\SYSTEM32\dhcpcsvc6.DLL
0x00007fffc7270000 - 0x00007fffc728d000 	C:\WINDOWS\SYSTEM32\dhcpcsvc.DLL
0x00007fffd75c0000 - 0x00007fffd768b000 	C:\WINDOWS\SYSTEM32\DNSAPI.dll
0x00007fffd7aa0000 - 0x00007fffd7ab8000 	C:\WINDOWS\SYSTEM32\CRYPTSP.dll
0x00007fffd7200000 - 0x00007fffd7234000 	C:\WINDOWS\system32\rsaenh.dll
0x00007fffd87a0000 - 0x00007fffd87c7000 	C:\WINDOWS\System32\bcrypt.dll
0x00007fffd7fe0000 - 0x00007fffd800e000 	C:\WINDOWS\SYSTEM32\USERENV.dll
0x00007fffd80f0000 - 0x00007fffd8170000 	C:\WINDOWS\System32\bcryptprimitives.dll
0x00007fffd7ac0000 - 0x00007fffd7acc000 	C:\WINDOWS\SYSTEM32\CRYPTBASE.dll
0x00007fffce4e0000 - 0x00007fffce4ed000 	C:\Program Files\Java\jre1.8.0_221\bin\management.dll

VM Arguments:
jvm_args: -Dfile.encoding=Cp1252 
java_command: net.fm.geco.engine.ZunTestFQAS
java_class_path (initial): C:\Program Files\Java\jre1.8.0_221\lib\resources.jar;C:\Program Files\Java\jre1.8.0_221\lib\rt.jar;C:\Program Files\Java\jre1.8.0_221\lib\jsse.jar;C:\Program Files\Java\jre1.8.0_221\lib\jce.jar;C:\Program Files\Java\jre1.8.0_221\lib\charsets.jar;C:\Program Files\Java\jre1.8.0_221\lib\jfr.jar;C:\Program Files\Java\jre1.8.0_221\lib\ext\access-bridge-64.jar;C:\Program Files\Java\jre1.8.0_221\lib\ext\cldrdata.jar;C:\Program Files\Java\jre1.8.0_221\lib\ext\dnsns.jar;C:\Program Files\Java\jre1.8.0_221\lib\ext\jaccess.jar;C:\Program Files\Java\jre1.8.0_221\lib\ext\jfxrt.jar;C:\Program Files\Java\jre1.8.0_221\lib\ext\localedata.jar;C:\Program Files\Java\jre1.8.0_221\lib\ext\nashorn.jar;C:\Program Files\Java\jre1.8.0_221\lib\ext\sunec.jar;C:\Program Files\Java\jre1.8.0_221\lib\ext\sunjce_provider.jar;C:\Program Files\Java\jre1.8.0_221\lib\ext\sunmscapi.jar;C:\Program Files\Java\jre1.8.0_221\lib\ext\sunpkcs11.jar;C:\Program Files\Java\jre1.8.0_221\lib\ext\zipfs.jar;C:\Users\UniBg\Documents\J-CO\testGradle\jcoql-engine\bin\main;C:\Users\UniBg\Documents\J-CO\testGradle\jcoql-engine\bin\test;C:\Users\UniBg\Documents\J-CO\testGradle\jcoql-ds-server\bin\main;C:\Users\UniBg\Documents\J-CO\testGradle\jcoql-ds-core\bin\main;C:\Users\UniBg\Documents\J-CO\testGradle\jcoql-model\bin\main;C:\Users\UniBg\Documents\J-CO\testGradle\jcoql-model\bin\test;C:\Users\UniBg\.gradle\caches\modules-2\files-2.1\com.google.guava\guava\20.0\89507701249388e1ed5ddcf8c41f4ce1be7831ef\guava-20.0.jar;C:\Users\UniBg\.gradle\caches\modules-2\files-2.1\org.wololo\jts2geojson\0.14.3\643644ac2758c41723581470ff0989159275cd8\jts2geojson-0.14.3.jar;C:\Users\UniBg\.gradle\caches\modules-2\files-2.1\org.locationtech.jts\jts-core\1.16.1\c4922e3566568f49a9219b9f9ece9049ee994c50\jts-core-1.16.1.jar;C:\Users\UniBg\.gradle\caches\modules-2\files-2.1\com.fasterxml.jackson.core\jackson-databind\2.10.0\1127c9cf62f2bb3121a3a2a0a1351d251a602117\jackson-databind-2.10.0.jar;C:\Users\UniBg\.gradle\cac
Launcher Type: SUN_STANDARD

Environment Variables:
JAVA_HOME=C:\Program Files\Java\jdk1.8.0_251
PATH=C:/Program Files/Java/jdk1.8.0_251/bin/../jre/bin/server;C:/Program Files/Java/jdk1.8.0_251/bin/../jre/bin;C:/Program Files/Java/jdk1.8.0_251/bin/../jre/lib/amd64;C:\Python38\Scripts\;C:\Python38\;C:\Program Files\Python36\Scripts\;C:\Program Files\Python36\;C:\Program Files (x86)\Intel\iCLS Client\;C:\Program Files\Intel\iCLS Client\;C:\Windows\system32;C:\Windows;C:\Windows\System32\Wbem;C:\Windows\System32\WindowsPowerShell\v1.0\;C:\Program Files (x86)\Intel\Intel(R) Management Engine Components\DAL;C:\Program Files\Intel\Intel(R) Management Engine Components\DAL;C:\Program Files (x86)\Intel\Intel(R) Management Engine Components\IPT;C:\Program Files\Intel\Intel(R) Management Engine Components\IPT;C:\Program Files (x86)\NVIDIA Corporation\PhysX\Common;C:\WINDOWS\system32;C:\WINDOWS;C:\WINDOWS\System32\Wbem;C:\WINDOWS\System32\WindowsPowerShell\v1.0\;C:\WINDOWS\System32\OpenSSH\;C:\Program Files (x86)\sbt\bin;C:\Program Files\PuTTY\;C:\Program Files\WSO2\Enterprise Integrator\6.4.0\\bin;C:\Program Files\WUM\bin;C:\Program Files\Git\cmd;C:\Program Files\Intel\WiFi\bin\;C:\Program Files\Common Files\Intel\WirelessCommon\;C:\Program Files\Calibre2\;C:\Program Files\nodejs\;C:\ProgramData\chocolatey\bin;C:\Program Files\Gradle\gradle-6.5\bin;C:\Program Files\Java\jdk1.8.0_251\bin;C:\Program Files (x86)\Common Files\Oracle\Java\javapath;C:\Users\UniBg\AppData\Local\Microsoft\WindowsApps;C:\Users\UniBg\AppData\Local\GitHubDesktop\bin;%USERPROFILE%\AppData\Local\Microsoft\WindowsApps;;C:\Program Files\Eclipse\eclipse-java-photon-R-win32-x86_64;
USERNAME=UniBg
OS=Windows_NT
PROCESSOR_IDENTIFIER=Intel64 Family 6 Model 142 Stepping 10, GenuineIntel



---------------  S Y S T E M  ---------------

OS: Windows 10.0 , 64 bit Build 19041 (10.0.19041.804)

CPU:total 8 (initial active 8) (4 cores per cpu, 2 threads per core) family 6 model 142 stepping 10, cmov, cx8, fxsr, mmx, sse, sse2, sse3, ssse3, sse4.1, sse4.2, popcnt, avx, avx2, aes, clmul, erms, 3dnowpref, lzcnt, ht, tsc, tscinvbit, bmi1, bmi2, adx

Memory: 4k page, physical 16634424k(5909108k free), swap 66966072k(5268k free)

vm_info: Java HotSpot(TM) 64-Bit Server VM (25.221-b11) for windows-amd64 JRE (1.8.0_221-b11), built on Jul  4 2019 04:39:29 by "java_re" with MS VC++ 10.0 (VS2010)

time: Mon Mar 08 12:56:52 2021
timezone: ora solare Europa occidentale
elapsed time: 3 seconds (0d 0h 0m 3s)

